  Polygone.cpp
c:\program files (x86)\microsoft visual studio\2017\community\vc\tools\msvc\14.12.25827\include\xmemory0(1002): error C2338: The C++ Standard forbids containers of const elements because allocator<const T> is ill-formed.
  c:\program files (x86)\microsoft visual studio\2017\community\vc\tools\msvc\14.12.25827\include\xmemory0(967): note: voir la référence à l'instanciation de classe modèle 'std::allocator<_Ty>' en cours de compilation
          with
          [
              _Ty=const Vecteur2D
          ]
  c:\program files (x86)\microsoft visual studio\2017\community\vc\tools\msvc\14.12.25827\include\vector(404): note: voir la référence à l'instanciation de classe modèle 'std::allocator_traits<_Alloc>' en cours de compilation
          with
          [
              _Alloc=std::allocator<const Vecteur2D>
          ]
  c:\program files (x86)\microsoft visual studio\2017\community\vc\tools\msvc\14.12.25827\include\vector(449): note: voir la référence à l'instanciation de classe modèle 'std::_Vec_base_types<_Ty,_Alloc>' en cours de compilation
          with
          [
              _Ty=const Vecteur2D,
              _Alloc=std::allocator<const Vecteur2D>
          ]
  c:\program files (x86)\microsoft visual studio\2017\community\vc\tools\msvc\14.12.25827\include\vector(659): note: voir la référence à l'instanciation de classe modèle 'std::_Vector_alloc<std::_Vec_base_types<_Ty,_Alloc>>' en cours de compilation
          with
          [
              _Ty=const Vecteur2D,
              _Alloc=std::allocator<const Vecteur2D>
          ]
  c:\users\geels\documents\github\java & c++\projet_synthese\projet_synthese\polygone.h(8): note: voir la référence à l'instanciation de classe modèle 'std::vector<const Vecteur2D,std::allocator<_Ty>>' en cours de compilation
          with
          [
              _Ty=const Vecteur2D
          ]
c:\program files (x86)\microsoft visual studio\2017\community\vc\tools\msvc\14.12.25827\include\xmemory0(1034): error C2535: 'const Vecteur2D *std::allocator<_Ty>::address(_Ty &) noexcept const' : fonction membre déjà définie ou déclarée
          with
          [
              _Ty=const Vecteur2D
          ]
  c:\program files (x86)\microsoft visual studio\2017\community\vc\tools\msvc\14.12.25827\include\xmemory0(1028): note: voir la déclaration de 'std::allocator<_Ty>::address'
          with
          [
              _Ty=const Vecteur2D
          ]
  Main.cpp
c:\program files (x86)\microsoft visual studio\2017\community\vc\tools\msvc\14.12.25827\include\xmemory0(1002): error C2338: The C++ Standard forbids containers of const elements because allocator<const T> is ill-formed.
  c:\program files (x86)\microsoft visual studio\2017\community\vc\tools\msvc\14.12.25827\include\xmemory0(967): note: voir la référence à l'instanciation de classe modèle 'std::allocator<_Ty>' en cours de compilation
          with
          [
              _Ty=const Vecteur2D
          ]
  c:\program files (x86)\microsoft visual studio\2017\community\vc\tools\msvc\14.12.25827\include\vector(404): note: voir la référence à l'instanciation de classe modèle 'std::allocator_traits<_Alloc>' en cours de compilation
          with
          [
              _Alloc=std::allocator<const Vecteur2D>
          ]
  c:\program files (x86)\microsoft visual studio\2017\community\vc\tools\msvc\14.12.25827\include\vector(449): note: voir la référence à l'instanciation de classe modèle 'std::_Vec_base_types<_Ty,_Alloc>' en cours de compilation
          with
          [
              _Ty=const Vecteur2D,
              _Alloc=std::allocator<const Vecteur2D>
          ]
  c:\program files (x86)\microsoft visual studio\2017\community\vc\tools\msvc\14.12.25827\include\vector(659): note: voir la référence à l'instanciation de classe modèle 'std::_Vector_alloc<std::_Vec_base_types<_Ty,_Alloc>>' en cours de compilation
          with
          [
              _Ty=const Vecteur2D,
              _Alloc=std::allocator<const Vecteur2D>
          ]
  c:\users\geels\documents\github\java & c++\projet_synthese\projet_synthese\polygone.h(8): note: voir la référence à l'instanciation de classe modèle 'std::vector<const Vecteur2D,std::allocator<_Ty>>' en cours de compilation
          with
          [
              _Ty=const Vecteur2D
          ]
c:\program files (x86)\microsoft visual studio\2017\community\vc\tools\msvc\14.12.25827\include\xmemory0(1034): error C2535: 'const Vecteur2D *std::allocator<_Ty>::address(_Ty &) noexcept const' : fonction membre déjà définie ou déclarée
          with
          [
              _Ty=const Vecteur2D
          ]
  c:\program files (x86)\microsoft visual studio\2017\community\vc\tools\msvc\14.12.25827\include\xmemory0(1028): note: voir la déclaration de 'std::allocator<_Ty>::address'
          with
          [
              _Ty=const Vecteur2D
          ]
  Génération de code en cours...
